<?xml version="1.0" encoding="UTF-8"?>
<testsuite xmlns:xsi="http://www.w3.org/2001/XMLSchema-instance" xsi:noNamespaceSchemaLocation="https://maven.apache.org/surefire/maven-surefire-plugin/xsd/surefire-test-report-3.0.xsd" version="3.0" name="com.application.OnlineTutorialManagementApplicationTests" time="25.684" tests="1" errors="0" skipped="0" failures="0">
  <properties>
[...]
</properties>
  <testcase name="contextLoads" classname="com.application.OnlineTutorialManagementApplicationTests" time="1.573">
    <system-out><![CDATA[15:40:46.146 [main] INFO org.springframework.test.context.support.AnnotationConfigContextLoaderUtils -- Could not detect default configuration classes for test class [com.application.OnlineTutorialManagementApplicationTests]: OnlineTutorialManagementApplicationTests does not declare any static, non-private, non-final, nested classes annotated with @Configuration.
15:40:46.370 [main] INFO org.springframework.boot.test.context.SpringBootTestContextBootstrapper -- Found @SpringBootConfiguration com.application.OnlineTutorialManagementApplication for test class com.application.OnlineTutorialManagementApplicationTests
15:40:46.737 [main] INFO org.springframework.boot.devtools.restart.RestartApplicationListener -- Restart disabled due to context in which it is running

  .   ____          _            __ _ _
 /\\ / ___'_ __ _ _(_)_ __  __ _ \ \ \ \
( ( )\___ | '_ | '_| | '_ \/ _` | \ \ \ \
 \\/  ___)| |_)| | | | | || (_| |  ) ) ) )
  '  |____| .__|_| |_|_| |_\__, | / / / /
 =========|_|==============|___/=/_/_/_/
 :: Spring Boot ::                (v3.1.6)

2024-08-24T15:40:47.444+05:30  INFO 19724 --- [           main] OnlineTutorialManagementApplicationTests : Starting OnlineTutorialManagementApplicationTests using Java 17.0.9 with PID 19724 (started by madha in D:\DOMAIN\PROJECT\Online-_Tutorial_System_Backend)
2024-08-24T15:40:47.447+05:30  INFO 19724 --- [           main] OnlineTutorialManagementApplicationTests : No active profile set, falling back to 1 default profile: "default"
2024-08-24T15:40:49.932+05:30  INFO 19724 --- [           main] .s.d.r.c.RepositoryConfigurationDelegate : Multiple Spring Data modules found, entering strict repository configuration mode
2024-08-24T15:40:49.936+05:30  INFO 19724 --- [           main] .s.d.r.c.RepositoryConfigurationDelegate : Bootstrapping Spring Data JPA repositories in DEFAULT mode.
2024-08-24T15:40:50.042+05:30  INFO 19724 --- [           main] .RepositoryConfigurationExtensionSupport : Spring Data JPA - Could not safely identify store assignment for repository candidate interface com.application.repository.AssignmentRepository; If you want this repository to be a JPA repository, consider annotating your entities with one of these annotations: jakarta.persistence.Entity, jakarta.persistence.MappedSuperclass (preferred), or consider extending one of the following types with your repository: org.springframework.data.jpa.repository.JpaRepository
2024-08-24T15:40:50.081+05:30  INFO 19724 --- [           main] .RepositoryConfigurationExtensionSupport : Spring Data JPA - Could not safely identify store assignment for repository candidate interface com.application.repository.NoteRepository; If you want this repository to be a JPA repository, consider annotating your entities with one of these annotations: jakarta.persistence.Entity, jakarta.persistence.MappedSuperclass (preferred), or consider extending one of the following types with your repository: org.springframework.data.jpa.repository.JpaRepository
2024-08-24T15:40:50.097+05:30  INFO 19724 --- [           main] .RepositoryConfigurationExtensionSupport : Spring Data JPA - Could not safely identify store assignment for repository candidate interface com.application.repository.VideoRepository; If you want this repository to be a JPA repository, consider annotating your entities with one of these annotations: jakarta.persistence.Entity, jakarta.persistence.MappedSuperclass (preferred), or consider extending one of the following types with your repository: org.springframework.data.jpa.repository.JpaRepository
2024-08-24T15:40:50.158+05:30  INFO 19724 --- [           main] .s.d.r.c.RepositoryConfigurationDelegate : Finished Spring Data repository scanning in 199 ms. Found 12 JPA repository interfaces.
2024-08-24T15:40:50.184+05:30  INFO 19724 --- [           main] .s.d.r.c.RepositoryConfigurationDelegate : Multiple Spring Data modules found, entering strict repository configuration mode
2024-08-24T15:40:50.184+05:30  INFO 19724 --- [           main] .s.d.r.c.RepositoryConfigurationDelegate : Bootstrapping Spring Data MongoDB repositories in DEFAULT mode.
2024-08-24T15:40:50.192+05:30  INFO 19724 --- [           main] .RepositoryConfigurationExtensionSupport : Spring Data MongoDB - Could not safely identify store assignment for repository candidate interface com.application.repository.Admin1Repository; If you want this repository to be a MongoDB repository, consider annotating your entities with one of these annotations: org.springframework.data.mongodb.core.mapping.Document (preferred), or consider extending one of the following types with your repository: org.springframework.data.mongodb.repository.MongoRepository
2024-08-24T15:40:50.193+05:30  INFO 19724 --- [           main] .RepositoryConfigurationExtensionSupport : Spring Data MongoDB - Could not safely identify store assignment for repository candidate interface com.application.repository.AttendanceRecordRepository; If you want this repository to be a MongoDB repository, consider annotating your entities with one of these annotations: org.springframework.data.mongodb.core.mapping.Document (preferred), or consider extending one of the following types with your repository: org.springframework.data.mongodb.repository.MongoRepository
2024-08-24T15:40:50.195+05:30  INFO 19724 --- [           main] .RepositoryConfigurationExtensionSupport : Spring Data MongoDB - Could not safely identify store assignment for repository candidate interface com.application.repository.ChapterRepository; If you want this repository to be a MongoDB repository, consider annotating your entities with one of these annotations: org.springframework.data.mongodb.core.mapping.Document (preferred), or consider extending one of the following types with your repository: org.springframework.data.mongodb.repository.MongoRepository
2024-08-24T15:40:50.197+05:30  INFO 19724 --- [           main] .RepositoryConfigurationExtensionSupport : Spring Data MongoDB - Could not safely identify store assignment for repository candidate interface com.application.repository.CourseRepository; If you want this repository to be a MongoDB repository, consider annotating your entities with one of these annotations: org.springframework.data.mongodb.core.mapping.Document (preferred), or consider extending one of the following types with your repository: org.springframework.data.mongodb.repository.MongoRepository
2024-08-24T15:40:50.198+05:30  INFO 19724 --- [           main] .RepositoryConfigurationExtensionSupport : Spring Data MongoDB - Could not safely identify store assignment for repository candidate interface com.application.repository.EnrollmentRepository; If you want this repository to be a MongoDB repository, consider annotating your entities with one of these annotations: org.springframework.data.mongodb.core.mapping.Document (preferred), or consider extending one of the following types with your repository: org.springframework.data.mongodb.repository.MongoRepository
2024-08-24T15:40:50.199+05:30  INFO 19724 --- [           main] .RepositoryConfigurationExtensionSupport : Spring Data MongoDB - Could not safely identify store assignment for repository candidate interface com.application.repository.FeedbackRepository; If you want this repository to be a MongoDB repository, consider annotating your entities with one of these annotations: org.springframework.data.mongodb.core.mapping.Document (preferred), or consider extending one of the following types with your repository: org.springframework.data.mongodb.repository.MongoRepository
2024-08-24T15:40:50.199+05:30  INFO 19724 --- [           main] .RepositoryConfigurationExtensionSupport : Spring Data MongoDB - Could not safely identify store assignment for repository candidate interface com.application.repository.Info; If you want this repository to be a MongoDB repository, consider annotating your entities with one of these annotations: org.springframework.data.mongodb.core.mapping.Document (preferred), or consider extending one of the following types with your repository: org.springframework.data.mongodb.repository.MongoRepository
2024-08-24T15:40:50.201+05:30  INFO 19724 --- [           main] .RepositoryConfigurationExtensionSupport : Spring Data MongoDB - Could not safely identify store assignment for repository candidate interface com.application.repository.ProfessorRepository; If you want this repository to be a MongoDB repository, consider annotating your entities with one of these annotations: org.springframework.data.mongodb.core.mapping.Document (preferred), or consider extending one of the following types with your repository: org.springframework.data.mongodb.repository.MongoRepository
2024-08-24T15:40:50.201+05:30  INFO 19724 --- [           main] .RepositoryConfigurationExtensionSupport : Spring Data MongoDB - Could not safely identify store assignment for repository candidate interface com.application.repository.StudentGradeRepository; If you want this repository to be a MongoDB repository, consider annotating your entities with one of these annotations: org.springframework.data.mongodb.core.mapping.Document (preferred), or consider extending one of the following types with your repository: org.springframework.data.mongodb.repository.MongoRepository
2024-08-24T15:40:50.202+05:30  INFO 19724 --- [           main] .RepositoryConfigurationExtensionSupport : Spring Data MongoDB - Could not safely identify store assignment for repository candidate interface com.application.repository.TestRepository; If you want this repository to be a MongoDB repository, consider annotating your entities with one of these annotations: org.springframework.data.mongodb.core.mapping.Document (preferred), or consider extending one of the following types with your repository: org.springframework.data.mongodb.repository.MongoRepository
2024-08-24T15:40:50.203+05:30  INFO 19724 --- [           main] .RepositoryConfigurationExtensionSupport : Spring Data MongoDB - Could not safely identify store assignment for repository candidate interface com.application.repository.UserRepository; If you want this repository to be a MongoDB repository, consider annotating your entities with one of these annotations: org.springframework.data.mongodb.core.mapping.Document (preferred), or consider extending one of the following types with your repository: org.springframework.data.mongodb.repository.MongoRepository
2024-08-24T15:40:50.204+05:30  INFO 19724 --- [           main] .RepositoryConfigurationExtensionSupport : Spring Data MongoDB - Could not safely identify store assignment for repository candidate interface com.application.repository.WishlistRepository; If you want this repository to be a MongoDB repository, consider annotating your entities with one of these annotations: org.springframework.data.mongodb.core.mapping.Document (preferred), or consider extending one of the following types with your repository: org.springframework.data.mongodb.repository.MongoRepository
2024-08-24T15:40:50.222+05:30  INFO 19724 --- [           main] .s.d.r.c.RepositoryConfigurationDelegate : Finished Spring Data repository scanning in 37 ms. Found 3 MongoDB repository interfaces.
2024-08-24T15:40:51.479+05:30  INFO 19724 --- [           main] o.hibernate.jpa.internal.util.LogHelper  : HHH000204: Processing PersistenceUnitInfo [name: default]
2024-08-24T15:40:51.701+05:30  INFO 19724 --- [           main] org.hibernate.Version                    : HHH000412: Hibernate ORM core version 6.2.13.Final
2024-08-24T15:40:51.708+05:30  INFO 19724 --- [           main] org.hibernate.cfg.Environment            : HHH000406: Using bytecode reflection optimizer
2024-08-24T15:40:53.018+05:30  INFO 19724 --- [           main] o.s.o.j.p.SpringPersistenceUnitInfo      : No LoadTimeWeaver setup: ignoring JPA class transformer
2024-08-24T15:40:53.109+05:30  INFO 19724 --- [           main] com.zaxxer.hikari.HikariDataSource       : HikariPool-1 - Starting...
2024-08-24T15:40:59.683+05:30  INFO 19724 --- [           main] com.zaxxer.hikari.pool.HikariPool        : HikariPool-1 - Added connection com.mysql.cj.jdbc.ConnectionImpl@4f552aa2
2024-08-24T15:40:59.687+05:30  INFO 19724 --- [           main] com.zaxxer.hikari.HikariDataSource       : HikariPool-1 - Start completed.
2024-08-24T15:41:00.172+05:30  WARN 19724 --- [           main] org.hibernate.orm.deprecation            : HHH90000025: MySQL57Dialect does not need to be specified explicitly using 'hibernate.dialect' (remove the property setting and it will be selected by default)
2024-08-24T15:41:00.174+05:30  WARN 19724 --- [           main] org.hibernate.orm.deprecation            : HHH90000026: MySQL57Dialect has been deprecated; use org.hibernate.dialect.MySQLDialect instead
2024-08-24T15:41:02.880+05:30  INFO 19724 --- [           main] o.h.e.t.j.p.i.JtaPlatformInitiator       : HHH000489: No JTA platform available (set 'hibernate.transaction.jta.platform' to enable JTA platform integration)
2024-08-24T15:41:03.906+05:30  INFO 19724 --- [           main] j.LocalContainerEntityManagerFactoryBean : Initialized JPA EntityManagerFactory for persistence unit 'default'
2024-08-24T15:41:04.690+05:30  INFO 19724 --- [xih.mongodb.net] org.mongodb.driver.cluster               : Adding discovered server ac-sdjjuix-shard-00-00.maixxih.mongodb.net:27017 to client view of cluster
2024-08-24T15:41:04.704+05:30  INFO 19724 --- [           main] org.mongodb.driver.client                : MongoClient with metadata {"driver": {"name": "mongo-java-driver|sync|spring-boot", "version": "4.9.1"}, "os": {"type": "Windows", "name": "Windows 11", "architecture": "amd64", "version": "10.0"}, "platform": "Java/Eclipse Adoptium/17.0.9+9"} created with settings MongoClientSettings{readPreference=primary, writeConcern=WriteConcern{w=null, wTimeout=null ms, journal=null}, retryWrites=true, retryReads=true, readConcern=ReadConcern{level=null}, credential=MongoCredential{mechanism=null, userName='madhav', source='admin', password=<hidden>, mechanismProperties=<hidden>}, streamFactoryFactory=null, commandListeners=[io.micrometer.core.instrument.binder.mongodb.MongoMetricsCommandListener@5e572b08], codecRegistry=ProvidersCodecRegistry{codecProviders=[ValueCodecProvider{}, BsonValueCodecProvider{}, DBRefCodecProvider{}, DBObjectCodecProvider{}, DocumentCodecProvider{}, CollectionCodecProvider{}, IterableCodecProvider{}, MapCodecProvider{}, GeoJsonCodecProvider{}, GridFSFileCodecProvider{}, Jsr310CodecProvider{}, JsonObjectCodecProvider{}, BsonCodecProvider{}, EnumCodecProvider{}, com.mongodb.client.model.mql.ExpressionCodecProvider@5263f554, com.mongodb.Jep395RecordCodecProvider@7d28efd5]}, loggerSettings=LoggerSettings{maxDocumentLength=1000}, clusterSettings={hosts=[127.0.0.1:27017], srvHost=madhav.maixxih.mongodb.net, srvServiceName=mongodb, mode=MULTIPLE, requiredClusterType=REPLICA_SET, requiredReplicaSetName='atlas-106n01-shard-0', serverSelector='null', clusterListeners='[]', serverSelectionTimeout='30000 ms', localThreshold='30000 ms'}, socketSettings=SocketSettings{connectTimeoutMS=10000, readTimeoutMS=0, receiveBufferSize=0, sendBufferSize=0}, heartbeatSocketSettings=SocketSettings{connectTimeoutMS=10000, readTimeoutMS=10000, receiveBufferSize=0, sendBufferSize=0}, connectionPoolSettings=ConnectionPoolSettings{maxSize=100, minSize=0, maxWaitTimeMS=120000, maxConnectionLifeTimeMS=0, maxConnectionIdleTimeMS=0, maintenanceInitialDelayMS=0, maintenanceFrequencyMS=60000, connectionPoolListeners=[io.micrometer.core.instrument.binder.mongodb.MongoMetricsConnectionPoolListener@1067192a], maxConnecting=2}, serverSettings=ServerSettings{heartbeatFrequencyMS=10000, minHeartbeatFrequencyMS=500, serverListeners='[]', serverMonitorListeners='[]'}, sslSettings=SslSettings{enabled=true, invalidHostNameAllowed=false, context=null}, applicationName='null', compressorList=[], uuidRepresentation=JAVA_LEGACY, serverApi=null, autoEncryptionSettings=null, contextProvider=null}
2024-08-24T15:41:04.765+05:30  INFO 19724 --- [xih.mongodb.net] org.mongodb.driver.cluster               : Adding discovered server ac-sdjjuix-shard-00-01.maixxih.mongodb.net:27017 to client view of cluster
2024-08-24T15:41:04.768+05:30  INFO 19724 --- [xih.mongodb.net] org.mongodb.driver.cluster               : Adding discovered server ac-sdjjuix-shard-00-02.maixxih.mongodb.net:27017 to client view of cluster
2024-08-24T15:41:05.491+05:30  INFO 19724 --- [ngodb.net:27017] org.mongodb.driver.cluster               : Monitor thread successfully connected to server with description ServerDescription{address=ac-sdjjuix-shard-00-01.maixxih.mongodb.net:27017, type=REPLICA_SET_SECONDARY, state=CONNECTED, ok=true, minWireVersion=0, maxWireVersion=21, maxDocumentSize=16777216, logicalSessionTimeoutMinutes=30, roundTripTimeNanos=399735500, setName='atlas-106n01-shard-0', canonicalAddress=ac-sdjjuix-shard-00-01.maixxih.mongodb.net:27017, hosts=[ac-sdjjuix-shard-00-00.maixxih.mongodb.net:27017, ac-sdjjuix-shard-00-01.maixxih.mongodb.net:27017, ac-sdjjuix-shard-00-02.maixxih.mongodb.net:27017], passives=[], arbiters=[], primary='ac-sdjjuix-shard-00-02.maixxih.mongodb.net:27017', tagSet=TagSet{[Tag{name='availabilityZone', value='aps1-az3'}, Tag{name='diskState', value='READY'}, Tag{name='nodeType', value='ELECTABLE'}, Tag{name='provider', value='AWS'}, Tag{name='region', value='AP_SOUTH_1'}, Tag{name='workloadType', value='OPERATIONAL'}]}, electionId=null, setVersion=64, topologyVersion=TopologyVersion{processId=66c8ef2a1709bdfe61eea3c5, counter=3}, lastWriteDate=Sat Aug 24 15:41:09 IST 2024, lastUpdateTimeNanos=774213862395700}
2024-08-24T15:41:05.491+05:30  INFO 19724 --- [ngodb.net:27017] org.mongodb.driver.cluster               : Monitor thread successfully connected to server with description ServerDescription{address=ac-sdjjuix-shard-00-00.maixxih.mongodb.net:27017, type=REPLICA_SET_SECONDARY, state=CONNECTED, ok=true, minWireVersion=0, maxWireVersion=21, maxDocumentSize=16777216, logicalSessionTimeoutMinutes=30, roundTripTimeNanos=391584200, setName='atlas-106n01-shard-0', canonicalAddress=ac-sdjjuix-shard-00-00.maixxih.mongodb.net:27017, hosts=[ac-sdjjuix-shard-00-00.maixxih.mongodb.net:27017, ac-sdjjuix-shard-00-01.maixxih.mongodb.net:27017, ac-sdjjuix-shard-00-02.maixxih.mongodb.net:27017], passives=[], arbiters=[], primary='ac-sdjjuix-shard-00-02.maixxih.mongodb.net:27017', tagSet=TagSet{[Tag{name='availabilityZone', value='aps1-az1'}, Tag{name='diskState', value='READY'}, Tag{name='nodeType', value='ELECTABLE'}, Tag{name='provider', value='AWS'}, Tag{name='region', value='AP_SOUTH_1'}, Tag{name='workloadType', value='OPERATIONAL'}]}, electionId=null, setVersion=64, topologyVersion=TopologyVersion{processId=66c8ec165e934575afed1837, counter=4}, lastWriteDate=Sat Aug 24 15:41:09 IST 2024, lastUpdateTimeNanos=774213862248900}
2024-08-24T15:41:05.491+05:30  INFO 19724 --- [ngodb.net:27017] org.mongodb.driver.cluster               : Monitor thread successfully connected to server with description ServerDescription{address=ac-sdjjuix-shard-00-02.maixxih.mongodb.net:27017, type=REPLICA_SET_PRIMARY, state=CONNECTED, ok=true, minWireVersion=0, maxWireVersion=21, maxDocumentSize=16777216, logicalSessionTimeoutMinutes=30, roundTripTimeNanos=385817700, setName='atlas-106n01-shard-0', canonicalAddress=ac-sdjjuix-shard-00-02.maixxih.mongodb.net:27017, hosts=[ac-sdjjuix-shard-00-00.maixxih.mongodb.net:27017, ac-sdjjuix-shard-00-01.maixxih.mongodb.net:27017, ac-sdjjuix-shard-00-02.maixxih.mongodb.net:27017], passives=[], arbiters=[], primary='ac-sdjjuix-shard-00-02.maixxih.mongodb.net:27017', tagSet=TagSet{[Tag{name='availabilityZone', value='aps1-az2'}, Tag{name='diskState', value='READY'}, Tag{name='nodeType', value='ELECTABLE'}, Tag{name='provider', value='AWS'}, Tag{name='region', value='AP_SOUTH_1'}, Tag{name='workloadType', value='OPERATIONAL'}]}, electionId=7fffffff000000000000004c, setVersion=64, topologyVersion=TopologyVersion{processId=66c8edb10823d0a6907b35f0, counter=6}, lastWriteDate=Sat Aug 24 15:41:09 IST 2024, lastUpdateTimeNanos=774213862248700}
2024-08-24T15:41:05.532+05:30  INFO 19724 --- [ngodb.net:27017] org.mongodb.driver.cluster               : Discovered replica set primary ac-sdjjuix-shard-00-02.maixxih.mongodb.net:27017 with max election id 7fffffff000000000000004c and max set version 64
2024-08-24T15:41:06.867+05:30  INFO 19724 --- [           main] o.s.d.j.r.query.QueryEnhancerFactory     : Hibernate is in classpath; If applicable, HQL parser will be used.
2024-08-24T15:41:07.761+05:30  WARN 19724 --- [           main] JpaBaseConfiguration$JpaWebConfiguration : spring.jpa.open-in-view is enabled by default. Therefore, database queries may be performed during view rendering. Explicitly configure spring.jpa.open-in-view to disable this warning
2024-08-24T15:41:09.532+05:30  INFO 19724 --- [           main] o.s.b.a.e.web.EndpointLinksResolver      : Exposing 1 endpoint(s) beneath base path '/actuator'
2024-08-24T15:41:09.720+05:30  INFO 19724 --- [           main] OnlineTutorialManagementApplicationTests : Started OnlineTutorialManagementApplicationTests in 23.015 seconds (process running for 25.382)
]]></system-out>
  </testcase>
</testsuite>